<?xml version="1.0" encoding="UTF-8"?>
<testng-results skipped="0" failed="0" ignored="0" total="0" passed="0">
  <reporter-output>
  </reporter-output>
  <suite name="Default suite" duration-ms="5387" started-at="2018-12-11T03:24:59Z" finished-at="2018-12-11T03:25:05Z">
    <groups>
    </groups>
    <test name=" First test" duration-ms="5387" started-at="2018-12-11T03:24:59Z" finished-at="2018-12-11T03:25:05Z">
      <class name="com.codelabs.examples.selenium.tests.TC_WikipediaSearchTest">
        <test-method status="PASS" signature="setUp()[pri:0, instance:com.codelabs.examples.selenium.tests.TC_WikipediaSearchTest@1a3869f4]" name="setUp" is-config="true" duration-ms="1877" started-at="2018-12-11T03:24:59Z" finished-at="2018-12-11T03:25:01Z">
          <reporter-output>
          </reporter-output>
        </test-method> <!-- setUp -->
        <test-method status="PASS" signature="tearDown()[pri:0, instance:com.codelabs.examples.selenium.tests.TC_WikipediaSearchTest@1a3869f4]" name="tearDown" is-config="true" duration-ms="92" started-at="2018-12-11T03:25:05Z" finished-at="2018-12-11T03:25:05Z">
          <reporter-output>
          </reporter-output>
        </test-method> <!-- tearDown -->
      </class> <!-- com.codelabs.examples.selenium.tests.TC_WikipediaSearchTest -->
    </test> <!--  First test -->
  </suite> <!-- Default suite -->
</testng-results>
